[debug] [2020-11-21T06:23:51.694Z] ----------------------------------------------------------------------
[debug] [2020-11-21T06:23:51.702Z] Command:       C:\Program Files\nodejs\node.exe C:\Users\Zach\AppData\Roaming\npm\node_modules\firebase-tools\lib\bin\firebase.js functions:shell
[debug] [2020-11-21T06:23:51.703Z] CLI Version:   8.13.0
[debug] [2020-11-21T06:23:51.703Z] Platform:      win32
[debug] [2020-11-21T06:23:51.704Z] Node Version:  v12.13.1
[debug] [2020-11-21T06:23:51.707Z] Time:          Sat Nov 21 2020 01:23:51 GMT-0500 (Eastern Standard Time)
[debug] [2020-11-21T06:23:51.708Z] ----------------------------------------------------------------------
[debug] [2020-11-21T06:23:51.708Z] 
[debug] [2020-11-21T06:23:51.737Z] > command requires scopes: ["email","openid","https://www.googleapis.com/auth/cloudplatformprojects.readonly","https://www.googleapis.com/auth/firebase","https://www.googleapis.com/auth/cloud-platform"]
[debug] [2020-11-21T06:23:51.739Z] > authorizing via signed-in user
[debug] [2020-11-21T06:23:51.739Z] [iam] checking project happy-hour-79e9b for permissions ["firebase.projects.get"]
[debug] [2020-11-21T06:23:51.749Z] >>> HTTP REQUEST POST https://cloudresourcemanager.googleapis.com/v1/projects/happy-hour-79e9b:testIamPermissions  
 {"permissions":["firebase.projects.get"]}
[debug] [2020-11-21T06:23:52.421Z] <<< HTTP RESPONSE 200 {"content-type":"application/json; charset=UTF-8","vary":"X-Origin, Referer, Origin,Accept-Encoding","date":"Sat, 21 Nov 2020 06:23:52 GMT","server":"ESF","cache-control":"private","x-xss-protection":"0","x-frame-options":"SAMEORIGIN","x-content-type-options":"nosniff","server-timing":"gfet4t7; dur=207","alt-svc":"h3-29=\":443\"; ma=2592000,h3-T051=\":443\"; ma=2592000,h3-Q050=\":443\"; ma=2592000,h3-Q046=\":443\"; ma=2592000,h3-Q043=\":443\"; ma=2592000,quic=\":443\"; ma=2592000; v=\"46,43\"","accept-ranges":"none","transfer-encoding":"chunked"}
[debug] [2020-11-21T06:23:54.509Z] [functions] Using node@12 from host.
[debug] [2020-11-21T06:23:54.514Z] defaultcredentials: writing to file C:\Users\Zach\AppData\Roaming\firebase\zachbradleydev_gmail_com_application_default_credentials.json
[debug] [2020-11-21T06:23:54.519Z] DEBUG: Setting GAC to C:\Users\Zach\AppData\Roaming\firebase\zachbradleydev_gmail_com_application_default_credentials.json
[debug] [2020-11-21T06:23:54.542Z] [functions] Watching "C:\Users\Zach\Desktop\Programming\Springboard\google-maps-demo\functions" for Cloud Functions...
[debug] [2020-11-21T06:23:54.599Z] DEBUG: [worker-pool] addWorker(~diagnostic~)
[debug] [2020-11-21T06:23:54.599Z] DEBUG: [worker-pool] Adding worker with key ~diagnostic~, total=1
[debug] [2020-11-21T06:23:54.599Z] DEBUG: [worker-pool] submitWork(triggerId=)
[debug] [2020-11-21T06:23:54.600Z] DEBUG: [worker-~diagnostic~-5b194363-5450-452a-b508-4a9239320dfb]: Assigning socketPath: \\?\pipe\C:\Users\Zach\Desktop\Programming\Springboard\google-maps-demo\functions\14680
[debug] [2020-11-21T06:23:54.601Z] DEBUG: [worker-~diagnostic~-5b194363-5450-452a-b508-4a9239320dfb]: BUSY
[debug] [2020-11-21T06:23:56.245Z] DEBUG: [runtime-status] [14680] Functions runtime initialized. {"cwd":"C:\\Users\\Zach\\Desktop\\Programming\\Springboard\\google-maps-demo\\functions","node_version":"12.13.1"}
[debug] [2020-11-21T06:23:56.251Z] DEBUG: [runtime-status] [14680] Disabled runtime features: undefined
[debug] [2020-11-21T06:23:56.295Z] DEBUG: [runtime-status] [14680] Resolved module firebase-admin {"declared":true,"installed":true,"version":"9.4.1","resolution":"C:\\Users\\Zach\\Desktop\\Programming\\Springboard\\google-maps-demo\\functions\\node_modules\\firebase-admin\\lib\\index.js"}
[debug] [2020-11-21T06:23:56.305Z] DEBUG: [runtime-status] [14680] Resolved module firebase-functions {"declared":true,"installed":true,"version":"3.11.0","resolution":"C:\\Users\\Zach\\Desktop\\Programming\\Springboard\\google-maps-demo\\functions\\node_modules\\firebase-functions\\lib\\index.js"}
[debug] [2020-11-21T06:23:56.312Z] DEBUG: [runtime-status] [14680] Resolved module firebase-functions {"declared":true,"installed":true,"version":"3.11.0","resolution":"C:\\Users\\Zach\\Desktop\\Programming\\Springboard\\google-maps-demo\\functions\\node_modules\\firebase-functions\\lib\\index.js"}
[debug] [2020-11-21T06:23:56.324Z] DEBUG: [runtime-status] [14680] Outgoing network have been stubbed. [{"name":"http","status":"mocked"},{"name":"http","status":"mocked"},{"name":"https","status":"mocked"},{"name":"https","status":"mocked"},{"name":"net","status":"mocked"}]
[debug] [2020-11-21T06:23:56.328Z] DEBUG: [runtime-status] [14680] Resolved module firebase-functions {"declared":true,"installed":true,"version":"3.11.0","resolution":"C:\\Users\\Zach\\Desktop\\Programming\\Springboard\\google-maps-demo\\functions\\node_modules\\firebase-functions\\lib\\index.js"}
[debug] [2020-11-21T06:23:56.560Z] DEBUG: [runtime-status] [14680] Checked functions.config() {"config":{}}
[debug] [2020-11-21T06:23:56.561Z] DEBUG: [runtime-status] [14680] firebase-functions has been stubbed. {"functionsResolution":{"declared":true,"installed":true,"version":"3.11.0","resolution":"C:\\Users\\Zach\\Desktop\\Programming\\Springboard\\google-maps-demo\\functions\\node_modules\\firebase-functions\\lib\\index.js"}}
[debug] [2020-11-21T06:23:56.563Z] DEBUG: [runtime-status] [14680] Resolved module firebase-functions {"declared":true,"installed":true,"version":"3.11.0","resolution":"C:\\Users\\Zach\\Desktop\\Programming\\Springboard\\google-maps-demo\\functions\\node_modules\\firebase-functions\\lib\\index.js"}
[debug] [2020-11-21T06:23:56.572Z] DEBUG: [runtime-status] [14680] Resolved module firebase-admin {"declared":true,"installed":true,"version":"9.4.1","resolution":"C:\\Users\\Zach\\Desktop\\Programming\\Springboard\\google-maps-demo\\functions\\node_modules\\firebase-admin\\lib\\index.js"}
[debug] [2020-11-21T06:23:56.576Z] DEBUG: [runtime-status] [14680] Resolved module firebase-functions {"declared":true,"installed":true,"version":"3.11.0","resolution":"C:\\Users\\Zach\\Desktop\\Programming\\Springboard\\google-maps-demo\\functions\\node_modules\\firebase-functions\\lib\\index.js"}
[debug] [2020-11-21T06:23:56.577Z] DEBUG: [runtime-status] [14680] firebase-admin has been stubbed. {"adminResolution":{"declared":true,"installed":true,"version":"9.4.1","resolution":"C:\\Users\\Zach\\Desktop\\Programming\\Springboard\\google-maps-demo\\functions\\node_modules\\firebase-admin\\lib\\index.js"}}
[warn] !  ReferenceError: requrie is not defined
    at Object.<anonymous> (C:\Users\Zach\Desktop\Programming\Springboard\google-maps-demo\functions\index.js:5:14)
    at Module._compile (internal/modules/cjs/loader.js:959:30)
    at Object.Module._extensions..js (internal/modules/cjs/loader.js:995:10)
    at Module.load (internal/modules/cjs/loader.js:815:32)
    at Function.Module._load (internal/modules/cjs/loader.js:727:14)
    at Module.require (internal/modules/cjs/loader.js:852:19)
    at require (internal/modules/cjs/helpers.js:74:18)
    at C:\Users\Zach\AppData\Roaming\npm\node_modules\firebase-tools\lib\emulator\functionsEmulatorRuntime.js:681:33
    at Generator.next (<anonymous>)
    at fulfilled (C:\Users\Zach\AppData\Roaming\npm\node_modules\firebase-tools\lib\emulator\functionsEmulatorRuntime.js:5:58) {"metadata":{"emulator":{"name":"functions"},"message":"ReferenceError: requrie is not defined\n    at Object.<anonymous> (C:\\Users\\Zach\\Desktop\\Programming\\Springboard\\google-maps-demo\\functions\\index.js:5:14)\n    at Module._compile (internal/modules/cjs/loader.js:959:30)\n    at Object.Module._extensions..js (internal/modules/cjs/loader.js:995:10)\n    at Module.load (internal/modules/cjs/loader.js:815:32)\n    at Function.Module._load (internal/modules/cjs/loader.js:727:14)\n    at Module.require (internal/modules/cjs/loader.js:852:19)\n    at require (internal/modules/cjs/helpers.js:74:18)\n    at C:\\Users\\Zach\\AppData\\Roaming\\npm\\node_modules\\firebase-tools\\lib\\emulator\\functionsEmulatorRuntime.js:681:33\n    at Generator.next (<anonymous>)\n    at fulfilled (C:\\Users\\Zach\\AppData\\Roaming\\npm\\node_modules\\firebase-tools\\lib\\emulator\\functionsEmulatorRuntime.js:5:58)"}}
[warn] !  We were unable to load your functions code. (see above) {"metadata":{"emulator":{"name":"functions"}}}
[debug] [2020-11-21T06:23:57.276Z] DEBUG: [worker-~diagnostic~-5b194363-5450-452a-b508-4a9239320dfb]: exited
[debug] [2020-11-21T06:23:57.277Z] DEBUG: [worker-~diagnostic~-5b194363-5450-452a-b508-4a9239320dfb]: FINISHED
[debug] [2020-11-21T06:24:23.240Z] DEBUG: File C:\Users\Zach\Desktop\Programming\Springboard\google-maps-demo\functions\index.js changed, reloading triggers
[debug] [2020-11-21T06:24:24.319Z] DEBUG: [worker-pool] Cleaned up workers for ~diagnostic~: 1 --> 0
[debug] [2020-11-21T06:24:24.575Z] DEBUG: [worker-pool] addWorker(~diagnostic~)
[debug] [2020-11-21T06:24:24.575Z] DEBUG: [worker-pool] Adding worker with key ~diagnostic~, total=1
[debug] [2020-11-21T06:24:24.575Z] DEBUG: [worker-pool] submitWork(triggerId=)
[debug] [2020-11-21T06:24:24.576Z] DEBUG: [worker-~diagnostic~-64cbfc08-43a9-4d7e-835c-93c5d5bbd6de]: Assigning socketPath: \\?\pipe\C:\Users\Zach\Desktop\Programming\Springboard\google-maps-demo\functions\13048
[debug] [2020-11-21T06:24:24.576Z] DEBUG: [worker-~diagnostic~-64cbfc08-43a9-4d7e-835c-93c5d5bbd6de]: BUSY
[debug] [2020-11-21T06:24:27.325Z] DEBUG: [runtime-status] [13048] Functions runtime initialized. {"cwd":"C:\\Users\\Zach\\Desktop\\Programming\\Springboard\\google-maps-demo\\functions","node_version":"12.13.1"}
[debug] [2020-11-21T06:24:27.329Z] DEBUG: [runtime-status] [13048] Disabled runtime features: undefined
[debug] [2020-11-21T06:24:27.342Z] DEBUG: [runtime-status] [13048] Resolved module firebase-admin {"declared":true,"installed":true,"version":"9.4.1","resolution":"C:\\Users\\Zach\\Desktop\\Programming\\Springboard\\google-maps-demo\\functions\\node_modules\\firebase-admin\\lib\\index.js"}
[debug] [2020-11-21T06:24:27.350Z] DEBUG: [runtime-status] [13048] Resolved module firebase-functions {"declared":true,"installed":true,"version":"3.11.0","resolution":"C:\\Users\\Zach\\Desktop\\Programming\\Springboard\\google-maps-demo\\functions\\node_modules\\firebase-functions\\lib\\index.js"}
[debug] [2020-11-21T06:24:27.354Z] DEBUG: [runtime-status] [13048] Resolved module firebase-functions {"declared":true,"installed":true,"version":"3.11.0","resolution":"C:\\Users\\Zach\\Desktop\\Programming\\Springboard\\google-maps-demo\\functions\\node_modules\\firebase-functions\\lib\\index.js"}
[debug] [2020-11-21T06:24:27.359Z] DEBUG: [runtime-status] [13048] Outgoing network have been stubbed. [{"name":"http","status":"mocked"},{"name":"http","status":"mocked"},{"name":"https","status":"mocked"},{"name":"https","status":"mocked"},{"name":"net","status":"mocked"}]
[debug] [2020-11-21T06:24:27.360Z] DEBUG: [runtime-status] [13048] Resolved module firebase-functions {"declared":true,"installed":true,"version":"3.11.0","resolution":"C:\\Users\\Zach\\Desktop\\Programming\\Springboard\\google-maps-demo\\functions\\node_modules\\firebase-functions\\lib\\index.js"}
