[debug] [2020-11-20T12:08:20.927Z] ----------------------------------------------------------------------
[debug] [2020-11-20T12:08:20.929Z] Command:       /usr/bin/node /usr/bin/firebase login
[debug] [2020-11-20T12:08:20.930Z] CLI Version:   8.16.2
[debug] [2020-11-20T12:08:20.930Z] Platform:      linux
[debug] [2020-11-20T12:08:20.930Z] Node Version:  v10.16.3
[debug] [2020-11-20T12:08:20.930Z] Time:          Fri Nov 20 2020 12:08:20 GMT+0000 (Coordinated Universal Time)
[debug] [2020-11-20T12:08:20.930Z] ----------------------------------------------------------------------
[debug] [2020-11-20T12:08:20.930Z] 
[info] i  Firebase optionally collects CLI usage and error reporting information to help improve our products. Data is collected in accordance with Google's privacy policy (https://policies.google.com/privacy) and is not used to identify you.
 
[info] 
[info] Visit this URL on this device to log in:
[info] https://accounts.google.com/o/oauth2/auth?client_id=563584335869-fgrhgmd47bqnekij5i8b5pr03ho849e6.apps.googleusercontent.com&scope=email%20openid%20https%3A%2F%2Fwww.googleapis.com%2Fauth%2Fcloudplatformprojects.readonly%20https%3A%2F%2Fwww.googleapis.com%2Fauth%2Ffirebase%20https%3A%2F%2Fwww.googleapis.com%2Fauth%2Fcloud-platform&response_type=code&state=17194083&redirect_uri=http%3A%2F%2Flocalhost%3A9005
[info] 
[info] Waiting for authentication...
[debug] [2020-11-20T12:18:35.817Z] ----------------------------------------------------------------------
[debug] [2020-11-20T12:18:35.819Z] Command:       /usr/bin/node /usr/bin/firebase login
[debug] [2020-11-20T12:18:35.819Z] CLI Version:   8.16.2
[debug] [2020-11-20T12:18:35.819Z] Platform:      linux
[debug] [2020-11-20T12:18:35.819Z] Node Version:  v10.16.3
[debug] [2020-11-20T12:18:35.819Z] Time:          Fri Nov 20 2020 12:18:35 GMT+0000 (Coordinated Universal Time)
[debug] [2020-11-20T12:18:35.819Z] ----------------------------------------------------------------------
[debug] [2020-11-20T12:18:35.819Z] 
[info] i  Firebase optionally collects CLI usage and error reporting information to help improve our products. Data is collected in accordance with Google's privacy policy (https://policies.google.com/privacy) and is not used to identify you.
 
[info] i  To change your data collection preference at any time, run `firebase logout` and log in again. 
[info] 
[info] Visit this URL on this device to log in:
[info] https://accounts.google.com/o/oauth2/auth?client_id=563584335869-fgrhgmd47bqnekij5i8b5pr03ho849e6.apps.googleusercontent.com&scope=email%20openid%20https%3A%2F%2Fwww.googleapis.com%2Fauth%2Fcloudplatformprojects.readonly%20https%3A%2F%2Fwww.googleapis.com%2Fauth%2Ffirebase%20https%3A%2F%2Fwww.googleapis.com%2Fauth%2Fcloud-platform&response_type=code&state=706107263&redirect_uri=http%3A%2F%2Flocalhost%3A9005
[info] 
[info] Waiting for authentication...
[debug] [2020-11-20T12:19:15.111Z] ----------------------------------------------------------------------
[debug] [2020-11-20T12:19:15.114Z] Command:       /usr/bin/node /usr/bin/firebase login
[debug] [2020-11-20T12:19:15.115Z] CLI Version:   8.16.2
[debug] [2020-11-20T12:19:15.115Z] Platform:      linux
[debug] [2020-11-20T12:19:15.115Z] Node Version:  v10.16.3
[debug] [2020-11-20T12:19:15.115Z] Time:          Fri Nov 20 2020 12:19:15 GMT+0000 (Coordinated Universal Time)
[debug] [2020-11-20T12:19:15.115Z] ----------------------------------------------------------------------
[debug] [2020-11-20T12:19:15.115Z] 
[info] i  Firebase optionally collects CLI usage and error reporting information to help improve our products. Data is collected in accordance with Google's privacy policy (https://policies.google.com/privacy) and is not used to identify you.
 
[info] i  To change your data collection preference at any time, run `firebase logout` and log in again. 
[info] 
[info] Visit this URL on this device to log in:
[info] https://accounts.google.com/o/oauth2/auth?client_id=563584335869-fgrhgmd47bqnekij5i8b5pr03ho849e6.apps.googleusercontent.com&scope=email%20openid%20https%3A%2F%2Fwww.googleapis.com%2Fauth%2Fcloudplatformprojects.readonly%20https%3A%2F%2Fwww.googleapis.com%2Fauth%2Ffirebase%20https%3A%2F%2Fwww.googleapis.com%2Fauth%2Fcloud-platform&response_type=code&state=85746965&redirect_uri=http%3A%2F%2Flocalhost%3A9005
[info] 
[info] Waiting for authentication...
